2024-10-10	10:48:24	c3a46de0-4d7e-4d59-bbb6-48f3a60453b5	GET	/css/style.css	::1
2024-10-10	10:48:24	cd13eebb-753f-42f6-bc5e-77f5fd93d0ce	GET	/	::1
2024-10-10	10:58:30	791de7ab-4e1b-42b5-93ce-18cf1329555e	GET	/	::1
2024-10-10	10:58:30	f39ac983-5151-4a64-a7e0-0afd559d715b	GET	/css/style.css	::1
2024-10-10	11:03:30	3b7dc504-a6f0-4c8b-a247-d5f26ba9785c	OPTIONS	/	https://www.google.com
2024-10-10	11:03:30	985a4001-75de-47ec-baa8-b53cc6d15064	GET	/	https://www.google.com
2024-10-10	11:03:45	c9d76a10-edd8-4339-90e8-5cf17fde6df5	OPTIONS	/	https://www.google.com
2024-10-10	11:03:45	ea65dc55-9c10-426b-9d62-911bfbe04277	GET	/	https://www.google.com
2024-10-10	11:13:27	693a31d7-7578-4348-b951-9d377f1e2c54	OPTIONS	/	https://www.google.com
2024-10-10	11:13:27	5476fbe7-9b63-4851-8fd5-9374a57daa71	GET	/	https://www.google.com
2024-10-10	14:42:31	1bf50959-69ff-445c-9ecf-cb5180327df2	GET	/api/users	::1
2024-10-10	14:42:50	3ac289c7-c71c-456d-893a-a74bbe064436	GET	/users	::1
2024-10-10	14:44:24	88a94ba1-99ba-4778-9acd-fa2e62b36ac6	GET	/users	::1
2024-10-10	14:44:39	9175592b-6f56-41f0-a538-598774888c8c	GET	/users	::1
2024-10-10	14:46:01	1e63197d-74b5-4593-83c7-fc87ee4318ca	GET	/users	::1
2024-10-10	14:47:13	d6baa8af-b856-49fd-9ffd-330da4f2463b	GET	/users	::1
2024-10-10	14:47:47	ef38b4dd-07ba-4b78-835d-abc6fe53537d	GET	/users	::1
2024-10-10	14:51:20	bc450d6e-bba3-4d0d-ac05-0d6c797c4787	POST	/users	::1
2024-10-10	14:51:34	d4e612f9-3eaa-4d46-b560-036ee392b76b	GET	/users	::1
2024-10-10	14:52:32	c3fec105-8a6e-437c-9408-cc415499c590	POST	/users	::1
2024-10-10	14:53:20	9920bec2-50ca-4923-9f12-8bc8d49ab81a	POST	/users	::1
2024-10-10	14:53:34	2a7406e3-25b2-4777-92e3-470a466cbe9d	POST	/users	::1
2024-10-10	14:53:43	b4f306f5-2469-465d-84ba-6db4cc2350dd	POST	/users	::1
2024-10-10	14:53:53	fc12cacc-6034-4964-b17f-9482593adebe	POST	/users	::1
2024-10-10	14:54:00	6b7a459c-8448-48d0-bf6a-aced6d673430	POST	/users	::1
2024-10-10	14:54:33	227f7de9-c40d-4d83-86ef-958373428d5a	POST	/users	::1
2024-10-10	14:55:10	f63c6b36-3e9a-4616-b64a-87202cf2f234	POST	/users	::1
2024-10-10	14:55:42	21baf659-59fa-4e1b-9df9-180129789ef0	GET	/users	::1
2024-10-10	14:57:27	45ac1bd2-0abc-475d-b65b-c3e977ba9efa	PATCH	/users	::1
2024-10-10	14:57:45	fd89aa66-3472-4b3c-bf57-c4a009a4e22e	PATCH	/users	::1
2024-10-10	15:00:33	a426029f-fd30-4146-b190-b0e980e723e0	GET	/users	::1
2024-10-10	15:01:05	5c3e411d-c728-4fc9-ae1d-5233f110d917	GET	/users	::1
2024-10-10	15:01:05	6ae76245-46fc-42f1-8f34-7a12c37dafa0	GET	/users	::1
2024-10-10	15:01:06	91a4572b-bbd6-4294-a574-ada3a038e34f	GET	/users	::1
2024-10-10	15:01:06	7d0a5c5b-2971-4dfa-813a-6307617fcf6c	GET	/users	::1
2024-10-10	15:01:06	ef741152-db28-45d9-96a7-de8235aab1e5	GET	/users	::1
2024-10-10	15:01:18	fdd2da69-3f7d-455a-b970-c484579861b6	PATCH	/users	::1
2024-10-10	15:02:08	f2699fc1-a03c-4ae3-abab-be95a13c6738	POST	/users	::1
2024-10-10	15:02:23	264865a1-7fdd-4ff5-adb5-e889263a3197	POST	/users	::1
2024-10-10	15:04:31	742d9f95-0756-4900-b8c9-467a35a45976	GET	/users	::1
2024-10-10	15:05:18	df663f3d-7ee8-4fd6-9d13-2a07c9d415f0	PATCH	/users	::1
2024-10-10	15:05:37	863a31f0-3d89-4787-9c43-986f4545ad84	PATCH	/users	::1
2024-10-10	15:06:21	7d245bde-0811-43ba-8d20-954b11b41150	PATCH	/users	::1
2024-10-10	15:06:38	6ba0e821-d590-431a-a978-46ee4617e61b	PATCH	/users	::1
2024-10-10	15:07:07	6e3e95a4-4af9-4a39-9183-ea16bf4b0aba	PATCH	/users	::1
2024-10-10	15:07:57	f3668949-30d1-4641-8854-b79fdf4fbf83	GET	/users	::1
2024-10-10	15:08:17	a3bfc14c-ad7c-4733-9698-bc33fbd2bf0d	PATCH	/users	::1
2024-10-10	15:08:26	ce5d0f77-e68b-4484-8d20-2a25dc89f1dd	PATCH	/users	::1
2024-10-10	15:11:00	1d5c8126-cbd0-4b8b-8d7c-0a6a2f4d16a1	PATCH	/users	::1
2024-10-10	15:11:02	fe05f8f5-2e85-495f-bbc4-48caff817e7a	PATCH	/users	::1
2024-10-10	15:11:03	33898ba1-89a0-4ac4-91c2-708c21e71ee2	PATCH	/users	::1
2024-10-10	15:11:03	17289331-6639-40e5-ab0a-1e2e2990648d	PATCH	/users	::1
2024-10-10	15:11:28	6c332a6b-defd-4ad4-a2c5-96651eb58504	GET	/users	::1
2024-10-10	15:12:07	8bb4296f-9a82-4253-ac91-1848be74c883	DELETE	/users	::1
2024-10-10	15:12:35	b2d71776-c9e3-418b-847e-f5fdc7ad5cbf	DELETE	/users	::1
2024-10-10	15:12:41	30dde6da-82af-453a-87cb-984c1e6541f1	DELETE	/users	::1
2024-10-10	15:12:55	878ce025-a523-47c1-bce7-a31f68cb9764	DELETE	/users	::1
2024-10-10	15:13:42	ef8278b8-c176-41d2-b2a5-96bf566f3680	GET	/users	::1
2024-10-10	15:18:31	f76f708e-1477-4cf9-a299-aa78aaac87dd	GET	/users	::1
2024-10-10	15:18:53	006a3643-0a62-4660-94a5-84195ab10c3b	DELETE	/users	::1
